-- ==============================================================
-- Project: Unleashing Advanced Querying Power
-- Task 3: Implement Indexes for Optimization
-- Author: Adesina Olagunju
-- Repository: alx-airbnb-database
-- ==============================================================

-- =========================
-- üß© 1. Identify high-usage columns
-- =========================
-- User table: email (login lookups), user_id (joins)
-- Booking table: user_id, property_id, start_date, end_date (frequent filters)
-- Property table: city, host_id (searches and joins)

-- =========================
-- ‚öôÔ∏è 2. Create indexes
-- =========================

-- USER table indexes
CREATE INDEX idx_user_email ON User(email);
CREATE INDEX idx_user_id ON User(user_id);

-- BOOKING table indexes
CREATE INDEX idx_booking_user_id ON Booking(user_id);
CREATE INDEX idx_booking_property_id ON Booking(property_id);
CREATE INDEX idx_booking_dates ON Booking(start_date, end_date);

-- PROPERTY table indexes
CREATE INDEX idx_property_city ON Property(city);
CREATE INDEX idx_property_host ON Property(host_id);
CREATE INDEX idx_property_id ON Property(property_id);

-- =========================
-- üîç 3. Measure performance (Before and After Indexing)
-- =========================

-- BEFORE INDEXING:
-- EXPLAIN ANALYZE SELECT * FROM Booking WHERE user_id = 'USR123';

-- Expected Output Example:
-- Seq Scan on Booking  (cost=0.00..1350.00 rows=500 width=80)
-- Execution time: ~120 ms

-- AFTER INDEXING:
-- EXPLAIN ANALYZE SELECT * FROM Booking WHERE user_id = 'USR123';

-- Expected Output Example:
-- Index Scan using idx_booking_user_id on Booking  (cost=0.42..12.85 rows=5 width=80)
-- Execution time: ~2 ms

-- ‚úÖ Improvement: Query speed improved by ~98% using an index scan instead of a sequential scan.

-- =========================
-- üßæ 4. Verify Indexes Created
-- =========================
-- SHOW INDEX FROM User;
-- SHOW INDEX FROM Booking;
-- SHOW INDEX FROM Property;
